<?xml version="1.0" encoding="UTF-8"?>
<testng-results ignored="0" total="1" passed="1" failed="0" skipped="0">
  <reporter-output>
  </reporter-output>
  <suite started-at="2021-05-05T11:40:21Z" name="Default suite" finished-at="2021-05-05T11:40:48Z" duration-ms="26772">
    <groups>
    </groups>
    <test started-at="2021-05-05T11:40:21Z" name="Default test" finished-at="2021-05-05T11:40:48Z" duration-ms="26772">
      <class name="Testing_Maven.end2end_test.HomePage">
        <test-method signature="basePageNavigation()[pri:0, instance:Testing_Maven.end2end_test.HomePage@6c372fe6]" started-at="2021-05-05T11:40:21Z" name="basePageNavigation" finished-at="2021-05-05T11:40:48Z" duration-ms="26716" status="PASS">
          <reporter-output>
          </reporter-output>
        </test-method> <!-- basePageNavigation -->
      </class> <!-- Testing_Maven.end2end_test.HomePage -->
    </test> <!-- Default test -->
  </suite> <!-- Default suite -->
</testng-results>
